[INFO ] 2018-10-19 01:27:05.144 [localhost-startStop-1] ContextLoader - Root WebApplicationContext: initialization completed in 4341 ms
[INFO ] 2018-10-19 01:27:40.572 [localhost-startStop-1] ContextLoader - Root WebApplicationContext: initialization completed in 4120 ms
[INFO ] 2018-10-19 01:27:45.108 [restartedMain] RequestMappingHandlerMapping - Mapped "{[/api/v1/auditlog/{idx}],methods=[GET],produces=[application/xml || application/json]}" onto public com.nmk.ecomm.model.AuditLog com.nmk.api.auditlog.controller.AuditlogController.getAuditLogByIdx(java.lang.Integer)
[INFO ] 2018-10-19 01:27:45.108 [restartedMain] RequestMappingHandlerMapping - Mapped "{[/api/v1/auditlog/]}" onto java.lang.String com.nmk.api.auditlog.controller.AuditlogController.hello()
[INFO ] 2018-10-19 01:27:45.108 [restartedMain] RequestMappingHandlerMapping - Mapped "{[/api/v1/auditlog],methods=[GET],produces=[application/xml || application/json]}" onto public com.nmk.ecomm.api.model.AuditLogList com.nmk.api.auditlog.controller.AuditlogController.getAllBrand()
[INFO ] 2018-10-19 01:27:45.108 [restartedMain] RequestMappingHandlerMapping - Mapped "{[/api/v1/auditlog],methods=[POST],consumes=[application/xml || application/json]}" onto public com.nmk.ecomm.model.AuditLog com.nmk.api.auditlog.controller.AuditlogController.createAuditLog(com.nmk.ecomm.model.AuditLog)
[INFO ] 2018-10-19 01:27:45.108 [restartedMain] RequestMappingHandlerMapping - Mapped "{[/api/v1/auditlog/{idx}],methods=[DELETE],produces=[application/xml || application/json]}" onto public org.springframework.http.ResponseEntity<?> com.nmk.api.auditlog.controller.AuditlogController.deleteAuditLog(java.lang.Integer)
[INFO ] 2018-10-19 01:27:45.108 [restartedMain] RequestMappingHandlerMapping - Mapped "{[/v2/api-docs],methods=[GET],produces=[application/json || application/hal+json]}" onto public org.springframework.http.ResponseEntity<springfox.documentation.spring.web.json.Json> springfox.documentation.swagger2.web.Swagger2Controller.getDocumentation(java.lang.String,javax.servlet.http.HttpServletRequest)
[INFO ] 2018-10-19 01:27:45.124 [restartedMain] RequestMappingHandlerMapping - Mapped "{[/configuration/ui]}" onto org.springframework.http.ResponseEntity<springfox.documentation.swagger.web.UiConfiguration> springfox.documentation.swagger.web.ApiResourceController.uiConfiguration()
[INFO ] 2018-10-19 01:27:45.124 [restartedMain] RequestMappingHandlerMapping - Mapped "{[/swagger-resources]}" onto org.springframework.http.ResponseEntity<java.util.List<springfox.documentation.swagger.web.SwaggerResource>> springfox.documentation.swagger.web.ApiResourceController.swaggerResources()
[INFO ] 2018-10-19 01:27:45.124 [restartedMain] RequestMappingHandlerMapping - Mapped "{[/configuration/security]}" onto org.springframework.http.ResponseEntity<springfox.documentation.swagger.web.SecurityConfiguration> springfox.documentation.swagger.web.ApiResourceController.securityConfiguration()
[INFO ] 2018-10-19 01:27:45.124 [restartedMain] RequestMappingHandlerMapping - Mapped "{[/error]}" onto public org.springframework.http.ResponseEntity<java.util.Map<java.lang.String, java.lang.Object>> org.springframework.boot.autoconfigure.web.servlet.error.BasicErrorController.error(javax.servlet.http.HttpServletRequest)
[INFO ] 2018-10-19 01:27:45.124 [restartedMain] RequestMappingHandlerMapping - Mapped "{[/error],produces=[text/html]}" onto public org.springframework.web.servlet.ModelAndView org.springframework.boot.autoconfigure.web.servlet.error.BasicErrorController.errorHtml(javax.servlet.http.HttpServletRequest,javax.servlet.http.HttpServletResponse)
[INFO ] 2018-10-19 01:27:45.824 [restartedMain] RequestMappingHandlerAdapter - Looking for @ControllerAdvice: org.springframework.boot.web.servlet.context.AnnotationConfigServletWebServerApplicationContext@66422ddd: startup date [Fri Oct 19 01:27:36 IST 2018]; root of context hierarchy
[INFO ] 2018-10-19 01:27:45.949 [restartedMain] SimpleUrlHandlerMapping - Mapped URL path [/webjars/**] onto handler of type [class org.springframework.web.servlet.resource.ResourceHttpRequestHandler]
[INFO ] 2018-10-19 01:27:45.949 [restartedMain] SimpleUrlHandlerMapping - Mapped URL path [/**] onto handler of type [class org.springframework.web.servlet.resource.ResourceHttpRequestHandler]
[INFO ] 2018-10-19 01:27:46.011 [restartedMain] SimpleUrlHandlerMapping - Mapped URL path [/**/favicon.ico] onto handler of type [class org.springframework.web.servlet.resource.ResourceHttpRequestHandler]
[INFO ] 2018-10-19 01:28:55.720 [http-nio-8081-exec-2] DispatcherServlet - FrameworkServlet 'dispatcherServlet': initialization started
[INFO ] 2018-10-19 01:28:55.768 [http-nio-8081-exec-2] DispatcherServlet - FrameworkServlet 'dispatcherServlet': initialization completed in 48 ms
[WARN ] 2018-10-19 01:28:56.392 [http-nio-8081-exec-2] DefaultHandlerExceptionResolver - Failed to read HTTP message: org.springframework.http.converter.HttpMessageNotReadableException: Could not unmarshal to [class com.nmk.ecomm.model.AuditLog]: unexpected element (uri:"", local:"category"). Expected elements are <{}auditlog>; nested exception is javax.xml.bind.UnmarshalException: unexpected element (uri:"", local:"category"). Expected elements are <{}auditlog>
[WARN ] 2018-10-19 01:28:56.392 [http-nio-8081-exec-2] DefaultHandlerExceptionResolver - Resolved exception caused by Handler execution: org.springframework.http.converter.HttpMessageNotReadableException: Could not unmarshal to [class com.nmk.ecomm.model.AuditLog]: unexpected element (uri:"", local:"category"). Expected elements are <{}auditlog>; nested exception is javax.xml.bind.UnmarshalException: unexpected element (uri:"", local:"category"). Expected elements are <{}auditlog>
[WARN ] 2018-10-19 01:29:16.795 [http-nio-8081-exec-5] DefaultHandlerExceptionResolver - Resolved exception caused by Handler execution: org.springframework.web.HttpMediaTypeNotAcceptableException: Could not find acceptable representation
[WARN ] 2018-10-19 01:30:08.889 [http-nio-8081-exec-10] ResponseStatusExceptionResolver - Resolved exception caused by Handler execution: com.nmk.ecomm.api.exception.HTTP404NotFoundException: idx-1 is not exist
[WARN ] 2018-10-19 01:30:08.897 [http-nio-8081-exec-10] DefaultHandlerExceptionResolver - Resolved exception caused by Handler execution: org.springframework.web.HttpMediaTypeNotAcceptableException: Could not find acceptable representation
[WARN ] 2018-10-19 01:30:18.823 [http-nio-8081-exec-2] ResponseStatusExceptionResolver - Resolved exception caused by Handler execution: com.nmk.ecomm.api.exception.HTTP404NotFoundException: idx-1 is not exist
[WARN ] 2018-10-19 01:30:18.827 [http-nio-8081-exec-2] DefaultHandlerExceptionResolver - Resolved exception caused by Handler execution: org.springframework.web.HttpMediaTypeNotAcceptableException: Could not find acceptable representation
[INFO ] 2018-10-24 23:37:56.775 [localhost-startStop-1] ContextLoader - Root WebApplicationContext: initialization completed in 3718 ms
[INFO ] 2018-10-24 23:38:00.991 [restartedMain] RequestMappingHandlerMapping - Mapped "{[/api/v1/auditlog],methods=[POST],consumes=[application/xml || application/json]}" onto public com.nmk.ecomm.model.AuditLog com.nmk.api.auditlog.controller.AuditlogController.createAuditLog(com.nmk.ecomm.model.AuditLog)
[INFO ] 2018-10-24 23:38:00.991 [restartedMain] RequestMappingHandlerMapping - Mapped "{[/api/v1/auditlog],methods=[GET],produces=[application/xml || application/json]}" onto public com.nmk.ecomm.api.model.AuditLogList com.nmk.api.auditlog.controller.AuditlogController.getAllBrand()
[INFO ] 2018-10-24 23:38:00.991 [restartedMain] RequestMappingHandlerMapping - Mapped "{[/api/v1/auditlog/]}" onto java.lang.String com.nmk.api.auditlog.controller.AuditlogController.hello()
[INFO ] 2018-10-24 23:38:00.991 [restartedMain] RequestMappingHandlerMapping - Mapped "{[/api/v1/auditlog/{idx}],methods=[GET],produces=[application/xml || application/json]}" onto public com.nmk.ecomm.model.AuditLog com.nmk.api.auditlog.controller.AuditlogController.getAuditLogByIdx(java.lang.Integer)
[INFO ] 2018-10-24 23:38:00.991 [restartedMain] RequestMappingHandlerMapping - Mapped "{[/api/v1/auditlog/{idx}],methods=[DELETE],produces=[application/xml || application/json]}" onto public org.springframework.http.ResponseEntity<?> com.nmk.api.auditlog.controller.AuditlogController.deleteAuditLog(java.lang.Integer)
[INFO ] 2018-10-24 23:38:00.991 [restartedMain] RequestMappingHandlerMapping - Mapped "{[/v2/api-docs],methods=[GET],produces=[application/json || application/hal+json]}" onto public org.springframework.http.ResponseEntity<springfox.documentation.spring.web.json.Json> springfox.documentation.swagger2.web.Swagger2Controller.getDocumentation(java.lang.String,javax.servlet.http.HttpServletRequest)
[INFO ] 2018-10-24 23:38:00.991 [restartedMain] RequestMappingHandlerMapping - Mapped "{[/configuration/ui]}" onto org.springframework.http.ResponseEntity<springfox.documentation.swagger.web.UiConfiguration> springfox.documentation.swagger.web.ApiResourceController.uiConfiguration()
[INFO ] 2018-10-24 23:38:00.991 [restartedMain] RequestMappingHandlerMapping - Mapped "{[/swagger-resources]}" onto org.springframework.http.ResponseEntity<java.util.List<springfox.documentation.swagger.web.SwaggerResource>> springfox.documentation.swagger.web.ApiResourceController.swaggerResources()
[INFO ] 2018-10-24 23:38:00.991 [restartedMain] RequestMappingHandlerMapping - Mapped "{[/configuration/security]}" onto org.springframework.http.ResponseEntity<springfox.documentation.swagger.web.SecurityConfiguration> springfox.documentation.swagger.web.ApiResourceController.securityConfiguration()
[INFO ] 2018-10-24 23:38:01.006 [restartedMain] RequestMappingHandlerMapping - Mapped "{[/error]}" onto public org.springframework.http.ResponseEntity<java.util.Map<java.lang.String, java.lang.Object>> org.springframework.boot.autoconfigure.web.servlet.error.BasicErrorController.error(javax.servlet.http.HttpServletRequest)
[INFO ] 2018-10-24 23:38:01.006 [restartedMain] RequestMappingHandlerMapping - Mapped "{[/error],produces=[text/html]}" onto public org.springframework.web.servlet.ModelAndView org.springframework.boot.autoconfigure.web.servlet.error.BasicErrorController.errorHtml(javax.servlet.http.HttpServletRequest,javax.servlet.http.HttpServletResponse)
[INFO ] 2018-10-24 23:38:01.720 [restartedMain] RequestMappingHandlerAdapter - Looking for @ControllerAdvice: org.springframework.boot.web.servlet.context.AnnotationConfigServletWebServerApplicationContext@50b4dbd1: startup date [Wed Oct 24 23:37:53 IST 2018]; root of context hierarchy
[INFO ] 2018-10-24 23:38:01.798 [restartedMain] SimpleUrlHandlerMapping - Mapped URL path [/webjars/**] onto handler of type [class org.springframework.web.servlet.resource.ResourceHttpRequestHandler]
[INFO ] 2018-10-24 23:38:01.798 [restartedMain] SimpleUrlHandlerMapping - Mapped URL path [/**] onto handler of type [class org.springframework.web.servlet.resource.ResourceHttpRequestHandler]
[INFO ] 2018-10-24 23:38:01.876 [restartedMain] SimpleUrlHandlerMapping - Mapped URL path [/**/favicon.ico] onto handler of type [class org.springframework.web.servlet.resource.ResourceHttpRequestHandler]
[INFO ] 2018-10-24 23:38:12.450 [http-nio-8081-exec-2] DispatcherServlet - FrameworkServlet 'dispatcherServlet': initialization started
[INFO ] 2018-10-24 23:38:12.483 [http-nio-8081-exec-2] DispatcherServlet - FrameworkServlet 'dispatcherServlet': initialization completed in 33 ms
[INFO ] 2018-10-25 22:27:35.606 [localhost-startStop-1] ContextLoader - Root WebApplicationContext: initialization completed in 4094 ms
[INFO ] 2018-10-25 22:27:40.270 [restartedMain] RequestMappingHandlerMapping - Mapped "{[/api/v1/auditlog/]}" onto java.lang.String com.nmk.api.auditlog.controller.AuditlogController.hello()
[INFO ] 2018-10-25 22:27:40.270 [restartedMain] RequestMappingHandlerMapping - Mapped "{[/api/v1/auditlog],methods=[GET],produces=[application/xml || application/json]}" onto public com.nmk.ecomm.api.model.AuditLogList com.nmk.api.auditlog.controller.AuditlogController.getAllBrand()
[INFO ] 2018-10-25 22:27:40.270 [restartedMain] RequestMappingHandlerMapping - Mapped "{[/api/v1/auditlog],methods=[POST],consumes=[application/xml || application/json]}" onto public com.nmk.ecomm.model.AuditLog com.nmk.api.auditlog.controller.AuditlogController.createAuditLog(com.nmk.ecomm.model.AuditLog)
[INFO ] 2018-10-25 22:27:40.270 [restartedMain] RequestMappingHandlerMapping - Mapped "{[/api/v1/auditlog/{idx}],methods=[GET],produces=[application/xml || application/json]}" onto public com.nmk.ecomm.model.AuditLog com.nmk.api.auditlog.controller.AuditlogController.getAuditLogByIdx(java.lang.Integer)
[INFO ] 2018-10-25 22:27:40.270 [restartedMain] RequestMappingHandlerMapping - Mapped "{[/api/v1/auditlog/{idx}],methods=[DELETE],produces=[application/xml || application/json]}" onto public org.springframework.http.ResponseEntity<?> com.nmk.api.auditlog.controller.AuditlogController.deleteAuditLog(java.lang.Integer)
[INFO ] 2018-10-25 22:27:40.270 [restartedMain] RequestMappingHandlerMapping - Mapped "{[/v2/api-docs],methods=[GET],produces=[application/json || application/hal+json]}" onto public org.springframework.http.ResponseEntity<springfox.documentation.spring.web.json.Json> springfox.documentation.swagger2.web.Swagger2Controller.getDocumentation(java.lang.String,javax.servlet.http.HttpServletRequest)
[INFO ] 2018-10-25 22:27:40.286 [restartedMain] RequestMappingHandlerMapping - Mapped "{[/configuration/security]}" onto org.springframework.http.ResponseEntity<springfox.documentation.swagger.web.SecurityConfiguration> springfox.documentation.swagger.web.ApiResourceController.securityConfiguration()
[INFO ] 2018-10-25 22:27:40.286 [restartedMain] RequestMappingHandlerMapping - Mapped "{[/configuration/ui]}" onto org.springframework.http.ResponseEntity<springfox.documentation.swagger.web.UiConfiguration> springfox.documentation.swagger.web.ApiResourceController.uiConfiguration()
[INFO ] 2018-10-25 22:27:40.286 [restartedMain] RequestMappingHandlerMapping - Mapped "{[/swagger-resources]}" onto org.springframework.http.ResponseEntity<java.util.List<springfox.documentation.swagger.web.SwaggerResource>> springfox.documentation.swagger.web.ApiResourceController.swaggerResources()
[INFO ] 2018-10-25 22:27:40.286 [restartedMain] RequestMappingHandlerMapping - Mapped "{[/error]}" onto public org.springframework.http.ResponseEntity<java.util.Map<java.lang.String, java.lang.Object>> org.springframework.boot.autoconfigure.web.servlet.error.BasicErrorController.error(javax.servlet.http.HttpServletRequest)
[INFO ] 2018-10-25 22:27:40.286 [restartedMain] RequestMappingHandlerMapping - Mapped "{[/error],produces=[text/html]}" onto public org.springframework.web.servlet.ModelAndView org.springframework.boot.autoconfigure.web.servlet.error.BasicErrorController.errorHtml(javax.servlet.http.HttpServletRequest,javax.servlet.http.HttpServletResponse)
[INFO ] 2018-10-25 22:27:41.004 [restartedMain] RequestMappingHandlerAdapter - Looking for @ControllerAdvice: org.springframework.boot.web.servlet.context.AnnotationConfigServletWebServerApplicationContext@6087af5e: startup date [Thu Oct 25 22:27:31 IST 2018]; root of context hierarchy
[INFO ] 2018-10-25 22:27:41.082 [restartedMain] SimpleUrlHandlerMapping - Mapped URL path [/webjars/**] onto handler of type [class org.springframework.web.servlet.resource.ResourceHttpRequestHandler]
[INFO ] 2018-10-25 22:27:41.082 [restartedMain] SimpleUrlHandlerMapping - Mapped URL path [/**] onto handler of type [class org.springframework.web.servlet.resource.ResourceHttpRequestHandler]
[INFO ] 2018-10-25 22:27:41.129 [restartedMain] SimpleUrlHandlerMapping - Mapped URL path [/**/favicon.ico] onto handler of type [class org.springframework.web.servlet.resource.ResourceHttpRequestHandler]
[INFO ] 2018-10-25 22:28:36.204 [http-nio-8081-exec-5] DispatcherServlet - FrameworkServlet 'dispatcherServlet': initialization started
[INFO ] 2018-10-25 22:28:36.241 [http-nio-8081-exec-5] DispatcherServlet - FrameworkServlet 'dispatcherServlet': initialization completed in 37 ms
[INFO ] 2018-11-13 23:51:42.129 [localhost-startStop-1] ContextLoader - Root WebApplicationContext: initialization completed in 6387 ms
[INFO ] 2018-11-13 23:51:49.229 [restartedMain] RequestMappingHandlerMapping - Mapped "{[/api/v1/auditlog/]}" onto java.lang.String com.nmk.api.auditlog.controller.AuditlogController.hello()
[INFO ] 2018-11-13 23:51:49.230 [restartedMain] RequestMappingHandlerMapping - Mapped "{[/api/v1/auditlog],methods=[GET],produces=[application/xml || application/json]}" onto public com.nmk.ecomm.api.model.AuditLogList com.nmk.api.auditlog.controller.AuditlogController.getAllBrand()
[INFO ] 2018-11-13 23:51:49.231 [restartedMain] RequestMappingHandlerMapping - Mapped "{[/api/v1/auditlog],methods=[POST],consumes=[application/xml || application/json]}" onto public com.nmk.ecomm.model.AuditLog com.nmk.api.auditlog.controller.AuditlogController.createAuditLog(com.nmk.ecomm.model.AuditLog)
[INFO ] 2018-11-13 23:51:49.232 [restartedMain] RequestMappingHandlerMapping - Mapped "{[/api/v1/auditlog/{idx}],methods=[GET],produces=[application/xml || application/json]}" onto public com.nmk.ecomm.model.AuditLog com.nmk.api.auditlog.controller.AuditlogController.getAuditLogByIdx(java.lang.Integer)
[INFO ] 2018-11-13 23:51:49.232 [restartedMain] RequestMappingHandlerMapping - Mapped "{[/api/v1/auditlog/{idx}],methods=[DELETE],produces=[application/xml || application/json]}" onto public org.springframework.http.ResponseEntity<?> com.nmk.api.auditlog.controller.AuditlogController.deleteAuditLog(java.lang.Integer)
[INFO ] 2018-11-13 23:51:49.233 [restartedMain] RequestMappingHandlerMapping - Mapped "{[/v2/api-docs],methods=[GET],produces=[application/json || application/hal+json]}" onto public org.springframework.http.ResponseEntity<springfox.documentation.spring.web.json.Json> springfox.documentation.swagger2.web.Swagger2Controller.getDocumentation(java.lang.String,javax.servlet.http.HttpServletRequest)
[INFO ] 2018-11-13 23:51:49.236 [restartedMain] RequestMappingHandlerMapping - Mapped "{[/configuration/security]}" onto org.springframework.http.ResponseEntity<springfox.documentation.swagger.web.SecurityConfiguration> springfox.documentation.swagger.web.ApiResourceController.securityConfiguration()
[INFO ] 2018-11-13 23:51:49.237 [restartedMain] RequestMappingHandlerMapping - Mapped "{[/configuration/ui]}" onto org.springframework.http.ResponseEntity<springfox.documentation.swagger.web.UiConfiguration> springfox.documentation.swagger.web.ApiResourceController.uiConfiguration()
[INFO ] 2018-11-13 23:51:49.238 [restartedMain] RequestMappingHandlerMapping - Mapped "{[/swagger-resources]}" onto org.springframework.http.ResponseEntity<java.util.List<springfox.documentation.swagger.web.SwaggerResource>> springfox.documentation.swagger.web.ApiResourceController.swaggerResources()
[INFO ] 2018-11-13 23:51:49.243 [restartedMain] RequestMappingHandlerMapping - Mapped "{[/error]}" onto public org.springframework.http.ResponseEntity<java.util.Map<java.lang.String, java.lang.Object>> org.springframework.boot.autoconfigure.web.servlet.error.BasicErrorController.error(javax.servlet.http.HttpServletRequest)
[INFO ] 2018-11-13 23:51:49.243 [restartedMain] RequestMappingHandlerMapping - Mapped "{[/error],produces=[text/html]}" onto public org.springframework.web.servlet.ModelAndView org.springframework.boot.autoconfigure.web.servlet.error.BasicErrorController.errorHtml(javax.servlet.http.HttpServletRequest,javax.servlet.http.HttpServletResponse)
[INFO ] 2018-11-13 23:51:50.282 [restartedMain] RequestMappingHandlerAdapter - Looking for @ControllerAdvice: org.springframework.boot.web.servlet.context.AnnotationConfigServletWebServerApplicationContext@1abaa261: startup date [Tue Nov 13 23:51:35 IST 2018]; root of context hierarchy
[INFO ] 2018-11-13 23:51:50.434 [restartedMain] SimpleUrlHandlerMapping - Mapped URL path [/webjars/**] onto handler of type [class org.springframework.web.servlet.resource.ResourceHttpRequestHandler]
[INFO ] 2018-11-13 23:51:50.434 [restartedMain] SimpleUrlHandlerMapping - Mapped URL path [/**] onto handler of type [class org.springframework.web.servlet.resource.ResourceHttpRequestHandler]
[INFO ] 2018-11-13 23:51:50.513 [restartedMain] SimpleUrlHandlerMapping - Mapped URL path [/**/favicon.ico] onto handler of type [class org.springframework.web.servlet.resource.ResourceHttpRequestHandler]
[INFO ] 2018-11-13 23:52:10.163 [http-nio-8081-exec-2] DispatcherServlet - FrameworkServlet 'dispatcherServlet': initialization started
[INFO ] 2018-11-13 23:52:10.196 [http-nio-8081-exec-2] DispatcherServlet - FrameworkServlet 'dispatcherServlet': initialization completed in 32 ms
